
avrdude: Version 5.11, compiled on Sep  2 2011 at 19:38:36
         Copyright (c) 2000-2005 Brian Dean, http://www.bdmicro.com/
         Copyright (c) 2007-2009 Joerg Wunsch

         System wide configuration file is "E:/arduino/arduino-1.5.6-r2/hardware/tools/avr/etc/avrdude.conf"

         Using Port                    : usb
         Using Programmer              : usbasp
avrdude: seen device from vendor ->www.fischl.de<-
avrdude: seen product ->USBasp<-
         AVR Part                      : ATMEGA328P
         Chip Erase delay              : 9000 us
         PAGEL                         : PD7
         BS2                           : PC2
         RESET disposition             : dedicated
         RETRY pulse                   : SCK
         serial program mode           : yes
         parallel program mode         : yes
         Timeout                       : 200
         StabDelay                     : 100
         CmdexeDelay                   : 25
         SyncLoops                     : 32
         ByteDelay                     : 0
         PollIndex                     : 3
         PollValue                     : 0x53
         Memory Detail                 :

                                  Block Poll               Page                       Polled
           Memory Type Mode Delay Size  Indx Paged  Size   Size #Pages MinW  MaxW   ReadBack
           ----------- ---- ----- ----- ---- ------ ------ ---- ------ ----- ----- ---------
           eeprom        65    20     4    0 no       1024    4      0  3600  3600 0xff 0xff
                                  Block Poll               Page                       Polled
           Memory Type Mode Delay Size  Indx Paged  Size   Size #Pages MinW  MaxW   ReadBack
           ----------- ---- ----- ----- ---- ------ ------ ---- ------ ----- ----- ---------
           flash         65     6   128    0 yes     32768  128    256  4500  4500 0xff 0xff
                                  Block Poll               Page                       Polled
           Memory Type Mode Delay Size  Indx Paged  Size   Size #Pages MinW  MaxW   ReadBack
           ----------- ---- ----- ----- ---- ------ ------ ---- ------ ----- ----- ---------
           lfuse          0     0     0    0 no          1    0      0  4500  4500 0x00 0x00
                                  Block Poll               Page                       Polled
           Memory Type Mode Delay Size  Indx Paged  Size   Size #Pages MinW  MaxW   ReadBack
           ----------- ---- ----- ----- ---- ------ ------ ---- ------ ----- ----- ---------
           hfuse          0     0     0    0 no          1    0      0  4500  4500 0x00 0x00
                                  Block Poll               Page                       Polled
           Memory Type Mode Delay Size  Indx Paged  Size   Size #Pages MinW  MaxW   ReadBack
           ----------- ---- ----- ----- ---- ------ ------ ---- ------ ----- ----- ---------
           efuse          0     0     0    0 no          1    0      0  4500  4500 0x00 0x00
                                  Block Poll               Page                       Polled
           Memory Type Mode Delay Size  Indx Paged  Size   Size #Pages MinW  MaxW   ReadBack
           ----------- ---- ----- ----- ---- ------ ------ ---- ------ ----- ----- ---------
           lock           0     0     0    0 no          1    0      0  4500  4500 0x00 0x00
                                  Block Poll               Page                       Polled
           Memory Type Mode Delay Size  Indx Paged  Size   Size #Pages MinW  MaxW   ReadBack
           ----------- ---- ----- ----- ---- ------ ------ ---- ------ ----- ----- ---------
           calibration    0     0     0    0 no          1    0      0     0     0 0x00 0x00
                                  Block Poll               Page                       Polled
           Memory Type Mode Delay Size  Indx Paged  Size   Size #Pages MinW  MaxW   ReadBack
           ----------- ---- ----- ----- ---- ------ ------ ---- ------ ----- ----- ---------
           signature      0     0     0    0 no          3    0      0     0     0 0x00 0x00

         Programmer Type : usbasp
         Description     : USBasp, http://www.fischl.de/usbasp/

avrdude: auto set sck period (because given equals null)
avrdude: warning: cannot set sck period. please check for usbasp firmware update.
avrdude: AVR device initialized and ready to accept instructions

Reading | ################################################## | 100% 0.01s

avrdude: Device signature = 0x1e950f
avrdude: safemode read 1, lfuse value: ff
avrdude: safemode read 2, lfuse value: ff
avrdude: safemode read 3, lfuse value: ff
avrdude: safemode: lfuse reads as FF
avrdude: safemode read 1, hfuse value: da
avrdude: safemode read 2, hfuse value: da
avrdude: safemode read 3, hfuse value: da
avrdude: safemode: hfuse reads as DA
avrdude: safemode read 1, efuse value: 5
avrdude: safemode read 2, efuse value: 5
avrdude: safemode read 3, efuse value: 5
avrdude: safemode: efuse reads as 5
avrdude: reading input file "C:\Users\derenok_dv\workspace.arduino\testProMini2/Release/testProMini2.hex"
avrdude: writing flash (1116 bytes):

Writing | ################################################## | 100% 0.63s

avrdude: 1116 bytes of flash written
avrdude: verifying flash memory against C:\Users\derenok_dv\workspace.arduino\testProMini2/Release/testProMini2.hex:
avrdude: load data flash data from input file C:\Users\derenok_dv\workspace.arduino\testProMini2/Release/testProMini2.hex:
avrdude: input file C:\Users\derenok_dv\workspace.arduino\testProMini2/Release/testProMini2.hex contains 1116 bytes
avrdude: reading on-chip flash data:

Reading | ################################################## | 100% 0.59s

avrdude: verifying ...
avrdude: verification error, first mismatch at byte 0x0002
         0x61 != 0x20
avrdude: verification error; content mismatch

avrdude: safemode read 1, lfuse value: ff
avrdude: safemode read 2, lfuse value: ff
avrdude: safemode read 3, lfuse value: ff
avrdude: safemode: lfuse reads as FF
avrdude: safemode read 1, hfuse value: da
avrdude: safemode read 2, hfuse value: da
avrdude: safemode read 3, hfuse value: da
avrdude: safemode: hfuse reads as DA
avrdude: safemode read 1, efuse value: 5
avrdude: safemode read 2, efuse value: 5
avrdude: safemode read 3, efuse value: 5
avrdude: safemode: efuse reads as 5
avrdude: safemode: Fuses OK

avrdude done.  Thank you.

